{"C:\\Users\\vboursicot\\Desktop\\TrainingApp\\packages\\frontend\\src\\components\\navigation\\Navigation.tsx": {"path":"C:\\Users\\vboursicot\\Desktop\\TrainingApp\\packages\\frontend\\src\\components\\navigation\\Navigation.tsx","all":false,"statementMap":{"0":{"start":{"line":1,"column":0},"end":{"line":1,"column":31}},"1":{"start":{"line":2,"column":0},"end":{"line":2,"column":40}},"2":{"start":{"line":3,"column":0},"end":{"line":3,"column":0}},"3":{"start":{"line":4,"column":0},"end":{"line":4,"column":33}},"4":{"start":{"line":5,"column":0},"end":{"line":5,"column":7}},"5":{"start":{"line":6,"column":0},"end":{"line":6,"column":8}},"6":{"start":{"line":7,"column":0},"end":{"line":7,"column":39}},"7":{"start":{"line":8,"column":0},"end":{"line":8,"column":45}},"8":{"start":{"line":9,"column":0},"end":{"line":9,"column":49}},"9":{"start":{"line":10,"column":0},"end":{"line":10,"column":9}},"10":{"start":{"line":11,"column":0},"end":{"line":11,"column":8}},"11":{"start":{"line":12,"column":0},"end":{"line":12,"column":2}},"12":{"start":{"line":13,"column":0},"end":{"line":13,"column":0}},"13":{"start":{"line":14,"column":0},"end":{"line":14,"column":26}},"14":{"start":{"line":15,"column":0},"end":{"line":15,"column":0}},"15":{"start":{"line":16,"column":0},"end":{"line":16,"column":38}}},"s":{"0":1,"1":1,"2":1,"3":1,"4":1,"5":1,"6":1,"7":1,"8":1,"9":1,"10":1,"11":1,"12":1,"13":1,"14":1,"15":1},"branchMap":{"0":{"type":"branch","line":4,"loc":{"start":{"line":4,"column":26},"end":{"line":9,"column":11}},"locations":[{"start":{"line":4,"column":26},"end":{"line":9,"column":11}}]}},"b":{"0":[1]},"fnMap":{"0":{"name":"Navigation","decl":{"start":{"line":4,"column":26},"end":{"line":9,"column":11}},"loc":{"start":{"line":4,"column":26},"end":{"line":9,"column":11}},"line":4}},"f":{"0":1}}
,"C:\\Users\\vboursicot\\Desktop\\TrainingApp\\packages\\frontend\\src\\hooks\\useGetData.tsx": {"path":"C:\\Users\\vboursicot\\Desktop\\TrainingApp\\packages\\frontend\\src\\hooks\\useGetData.tsx","all":false,"statementMap":{"0":{"start":{"line":1,"column":0},"end":{"line":1,"column":39}},"1":{"start":{"line":2,"column":0},"end":{"line":2,"column":38}},"2":{"start":{"line":3,"column":0},"end":{"line":3,"column":0}},"3":{"start":{"line":4,"column":0},"end":{"line":4,"column":64}},"4":{"start":{"line":5,"column":0},"end":{"line":5,"column":0}},"5":{"start":{"line":6,"column":0},"end":{"line":6,"column":26}}},"s":{"0":1,"1":1,"2":1,"3":1,"4":1,"5":1},"branchMap":{"0":{"type":"branch","line":4,"loc":{"start":{"line":4,"column":26},"end":{"line":4,"column":41}},"locations":[{"start":{"line":4,"column":26},"end":{"line":4,"column":41}}]}},"b":{"0":[2]},"fnMap":{"0":{"name":"useGetData","decl":{"start":{"line":4,"column":26},"end":{"line":4,"column":41}},"loc":{"start":{"line":4,"column":26},"end":{"line":4,"column":41}},"line":4}},"f":{"0":2}}
,"C:\\Users\\vboursicot\\Desktop\\TrainingApp\\packages\\frontend\\src\\pages\\about\\About.tsx": {"path":"C:\\Users\\vboursicot\\Desktop\\TrainingApp\\packages\\frontend\\src\\pages\\about\\About.tsx","all":false,"statementMap":{"0":{"start":{"line":1,"column":0},"end":{"line":1,"column":31}},"1":{"start":{"line":2,"column":0},"end":{"line":2,"column":0}},"2":{"start":{"line":3,"column":0},"end":{"line":3,"column":55}},"3":{"start":{"line":4,"column":0},"end":{"line":4,"column":0}},"4":{"start":{"line":5,"column":0},"end":{"line":5,"column":21}},"5":{"start":{"line":6,"column":0},"end":{"line":6,"column":0}},"6":{"start":{"line":7,"column":0},"end":{"line":7,"column":28}}},"s":{"0":1,"1":1,"2":1,"3":1,"4":1,"5":1,"6":1},"branchMap":{"0":{"type":"branch","line":3,"loc":{"start":{"line":3,"column":21},"end":{"line":3,"column":55}},"locations":[{"start":{"line":3,"column":21},"end":{"line":3,"column":55}}]}},"b":{"0":[1]},"fnMap":{"0":{"name":"About","decl":{"start":{"line":3,"column":21},"end":{"line":3,"column":55}},"loc":{"start":{"line":3,"column":21},"end":{"line":3,"column":55}},"line":3}},"f":{"0":1}}
,"C:\\Users\\vboursicot\\Desktop\\TrainingApp\\packages\\frontend\\src\\pages\\contact\\Contact.tsx": {"path":"C:\\Users\\vboursicot\\Desktop\\TrainingApp\\packages\\frontend\\src\\pages\\contact\\Contact.tsx","all":false,"statementMap":{"0":{"start":{"line":1,"column":0},"end":{"line":1,"column":31}},"1":{"start":{"line":2,"column":0},"end":{"line":2,"column":0}},"2":{"start":{"line":3,"column":0},"end":{"line":3,"column":59}},"3":{"start":{"line":4,"column":0},"end":{"line":4,"column":0}},"4":{"start":{"line":5,"column":0},"end":{"line":5,"column":23}},"5":{"start":{"line":6,"column":0},"end":{"line":6,"column":0}},"6":{"start":{"line":7,"column":0},"end":{"line":7,"column":32}}},"s":{"0":1,"1":1,"2":1,"3":1,"4":1,"5":1,"6":1},"branchMap":{"0":{"type":"branch","line":3,"loc":{"start":{"line":3,"column":23},"end":{"line":3,"column":59}},"locations":[{"start":{"line":3,"column":23},"end":{"line":3,"column":59}}]}},"b":{"0":[1]},"fnMap":{"0":{"name":"Contact","decl":{"start":{"line":3,"column":23},"end":{"line":3,"column":59}},"loc":{"start":{"line":3,"column":23},"end":{"line":3,"column":59}},"line":3}},"f":{"0":1}}
,"C:\\Users\\vboursicot\\Desktop\\TrainingApp\\packages\\frontend\\src\\pages\\home\\Home.tsx": {"path":"C:\\Users\\vboursicot\\Desktop\\TrainingApp\\packages\\frontend\\src\\pages\\home\\Home.tsx","all":false,"statementMap":{"0":{"start":{"line":1,"column":0},"end":{"line":1,"column":31}},"1":{"start":{"line":2,"column":0},"end":{"line":2,"column":0}},"2":{"start":{"line":3,"column":0},"end":{"line":3,"column":53}},"3":{"start":{"line":4,"column":0},"end":{"line":4,"column":0}},"4":{"start":{"line":5,"column":0},"end":{"line":5,"column":20}},"5":{"start":{"line":6,"column":0},"end":{"line":6,"column":0}},"6":{"start":{"line":7,"column":0},"end":{"line":7,"column":26}}},"s":{"0":1,"1":1,"2":1,"3":1,"4":1,"5":1,"6":1},"branchMap":{"0":{"type":"branch","line":3,"loc":{"start":{"line":3,"column":20},"end":{"line":3,"column":53}},"locations":[{"start":{"line":3,"column":20},"end":{"line":3,"column":53}}]}},"b":{"0":[1]},"fnMap":{"0":{"name":"Home","decl":{"start":{"line":3,"column":20},"end":{"line":3,"column":53}},"loc":{"start":{"line":3,"column":20},"end":{"line":3,"column":53}},"line":3}},"f":{"0":1}}
,"C:\\Users\\vboursicot\\Desktop\\TrainingApp\\packages\\frontend\\src\\services\\index.ts": {"path":"C:\\Users\\vboursicot\\Desktop\\TrainingApp\\packages\\frontend\\src\\services\\index.ts","all":false,"statementMap":{"0":{"start":{"line":1,"column":0},"end":{"line":1,"column":26}},"1":{"start":{"line":2,"column":0},"end":{"line":2,"column":0}},"2":{"start":{"line":3,"column":0},"end":{"line":3,"column":46}},"3":{"start":{"line":4,"column":0},"end":{"line":4,"column":0}},"4":{"start":{"line":5,"column":0},"end":{"line":5,"column":42}},"5":{"start":{"line":6,"column":0},"end":{"line":6,"column":44}},"6":{"start":{"line":7,"column":0},"end":{"line":7,"column":37}},"7":{"start":{"line":8,"column":0},"end":{"line":8,"column":16}},"8":{"start":{"line":9,"column":0},"end":{"line":9,"column":2}},"9":{"start":{"line":10,"column":0},"end":{"line":10,"column":0}},"10":{"start":{"line":11,"column":0},"end":{"line":11,"column":16}},"11":{"start":{"line":12,"column":0},"end":{"line":12,"column":10}},"12":{"start":{"line":13,"column":0},"end":{"line":13,"column":2}}},"s":{"0":1,"1":1,"2":1,"3":1,"4":1,"5":2,"6":2,"7":2,"8":2,"9":1,"10":1,"11":1,"12":1},"branchMap":{"0":{"type":"branch","line":5,"loc":{"start":{"line":5,"column":23},"end":{"line":9,"column":2}},"locations":[{"start":{"line":5,"column":23},"end":{"line":9,"column":2}}]},"1":{"type":"branch","line":5,"loc":{"start":{"line":5,"column":29},"end":{"line":9,"column":2}},"locations":[{"start":{"line":5,"column":29},"end":{"line":9,"column":2}}]}},"b":{"0":[3],"1":[2]},"fnMap":{"0":{"name":"getData","decl":{"start":{"line":5,"column":23},"end":{"line":9,"column":2}},"loc":{"start":{"line":5,"column":23},"end":{"line":9,"column":2}},"line":5}},"f":{"0":3}}
}
